<?xml version="1.0" encoding="UTF-8"?>
<!-- Generated by org.testng.reporters.JUnitReportReporter -->
<testsuite hostname="DELL_AVGRJ" failures="0" tests="1" name="com.webstaurantstore.tests.SearchPageTest" time="18.241" errors="0" timestamp="2024-02-15T01:15:19 CST" skipped="0">
  <testcase classname="com.webstaurantstore.tests.SearchPageTest" name="verifySearchingItem" time="18.241"/>
  <system-out/>
</testsuite> <!-- com.webstaurantstore.tests.SearchPageTest -->
