<?xml version="1.0" encoding="UTF-8"?>
<!-- Generated by org.testng.reporters.JUnitReportReporter -->
<testsuite hostname="DELL_AVGRJ" failures="0" tests="1" name="webstaurantstore.Webstaurantstore_assesment.StainlessTableAddAndCheckOut" time="61.216" errors="0" timestamp="2024-02-14T23:32:26 CST" skipped="0">
  <testcase classname="webstaurantstore.Webstaurantstore_assesment.StainlessTableAddAndCheckOut" name="addItemAndDeleteItemFromCart" time="61.216"/>
  <system-out/>
</testsuite> <!-- webstaurantstore.Webstaurantstore_assesment.StainlessTableAddAndCheckOut -->
