<?xml version="1.0" encoding="UTF-8"?>
<!-- Generated by org.testng.reporters.JUnitReportReporter -->
<testsuite hostname="DELL_AVGRJ" failures="0" tests="1" name="com.webstaurantstore.tests.StainlessTableAddAndCheckOut" time="52.156" errors="0" timestamp="2024-02-15T11:45:05 CST" skipped="0">
  <testcase classname="com.webstaurantstore.tests.StainlessTableAddAndCheckOut" name="addItemAndDeleteItemFromCart" time="52.156"/>
  <system-out/>
</testsuite> <!-- com.webstaurantstore.tests.StainlessTableAddAndCheckOut -->
