<?xml version="1.0" encoding="UTF-8"?>
<!-- Generated by org.testng.reporters.JUnitReportReporter -->
<testsuite hostname="DELL_AVGRJ" failures="0" tests="1" name="webstaurantstore.Webstaurantstore_assesment.SampleTest" time="4.485" errors="0" timestamp="2024-02-14T23:08:33 CST" skipped="0">
  <testcase classname="webstaurantstore.Webstaurantstore_assesment.SampleTest" name="search" time="4.485"/>
  <system-out/>
</testsuite> <!-- webstaurantstore.Webstaurantstore_assesment.SampleTest -->
