<?xml version="1.0" encoding="UTF-8"?>
<!-- Generated by org.testng.reporters.JUnitReportReporter -->
<testsuite hostname="DELL_AVGRJ" failures="0" tests="4" name="com.webstaurantstore.tests.SearchResultsTest" time="11.664" errors="0" timestamp="2024-02-15T11:27:30 CST" skipped="0">
  <testcase classname="com.webstaurantstore.tests.SearchResultsTest" name="verifySearchingItem" time="6.678"/>
  <system-out/>
  <testcase classname="com.webstaurantstore.tests.SearchResultsTest" name="verifySearchResultsTest" time="1.089"/>
  <system-out/>
  <testcase classname="com.webstaurantstore.tests.SearchResultsTest" name="verifyViewCart" time="3.688"/>
  <system-out/>
  <testcase classname="com.webstaurantstore.tests.SearchResultsTest" name="verifyEmptyCart" time="0.209"/>
  <system-out/>
</testsuite> <!-- com.webstaurantstore.tests.SearchResultsTest -->
